<?xml version="1.0" encoding="UTF-8"?>
<testng-results ignored="0" total="1" passed="0" failed="0" skipped="1">
  <reporter-output>
  </reporter-output>
  <suite started-at="2021-06-18T10:03:58 BDT" name="Default suite" finished-at="2021-06-18T10:03:58 BDT" duration-ms="58">
    <groups>
    </groups>
    <test started-at="2021-06-18T10:03:58 BDT" name="Default test" finished-at="2021-06-18T10:03:58 BDT" duration-ms="58">
      <class name="com.message.GmailReplay">
        <test-method is-config="true" signature="setDriver()[pri:0, instance:com.message.GmailReplay@8458f04]" started-at="2021-06-18T10:03:55 BDT" name="setDriver" finished-at="2021-06-18T10:03:58 BDT" duration-ms="3060" status="FAIL">
          <exception class="org.openqa.selenium.SessionNotCreatedException">
            <message>
              <![CDATA[session not created: This version of ChromeDriver only supports Chrome version 88
Current browser version is 91.0.4472.106 with binary path C:\Program Files\Google\Chrome\Application\chrome.exe
Build info: version: '3.4.0', revision: 'unknown', time: 'unknown'
System info: host: 'DESKTOP-AEI6VM2', ip: '192.168.0.8', os.name: 'Windows 10', os.arch: 'amd64', os.version: '10.0', java.version: '14.0.2'
Driver info: driver.version: ChromeDriver
remote stacktrace: Backtrace:
GetHandleVerifier [0x0056B963+483]
GetHandleVerifier [0x0056B941+449]
GetHandleVerifier [0x00913308+3832712]
GetHandleVerifier [0x0092D69A+3940122]
GetHandleVerifier [0x00929AFB+3924859]
GetHandleVerifier [0x00927D9C+3917340]
GetHandleVerifier [0x0094E7FE+4075646]
GetHandleVerifier [0x0094E56C+4074988]
GetHandleVerifier [0x0094B2EB+4062059]
GetHandleVerifier [0x0092ED14+3945876]
GetHandleVerifier [0x0092FBCE+3949646]
GetHandleVerifier [0x0092FB59+3949529]
Ordinal0 [0x0052B5CC+46540]
Ordinal0 [0x00529F53+40787]
Ordinal0 [0x00529B12+39698]
GetHandleVerifier [0x00831468+2907368]
GetHandleVerifier [0x006771EE+1096302]
GetHandleVerifier [0x00633E8D+821005]
GetHandleVerifier [0x0063396B+819691]
GetHandleVerifier [0x00633881+819457]
GetHandleVerifier [0x0065F463+998627]
BaseThreadInitThunk [0x7521FA29+25]
RtlGetAppContainerNamedObjectPath [0x76F27A9E+286]
RtlGetAppContainerNamedObjectPath [0x76F27A6E+238]
]]>
            </message>
            <full-stacktrace>
              <![CDATA[org.openqa.selenium.SessionNotCreatedException: session not created: This version of ChromeDriver only supports Chrome version 88
Current browser version is 91.0.4472.106 with binary path C:\Program Files\Google\Chrome\Application\chrome.exe
Build info: version: '3.4.0', revision: 'unknown', time: 'unknown'
System info: host: 'DESKTOP-AEI6VM2', ip: '192.168.0.8', os.name: 'Windows 10', os.arch: 'amd64', os.version: '10.0', java.version: '14.0.2'
Driver info: driver.version: ChromeDriver
remote stacktrace: Backtrace:
GetHandleVerifier [0x0056B963+483]
GetHandleVerifier [0x0056B941+449]
GetHandleVerifier [0x00913308+3832712]
GetHandleVerifier [0x0092D69A+3940122]
GetHandleVerifier [0x00929AFB+3924859]
GetHandleVerifier [0x00927D9C+3917340]
GetHandleVerifier [0x0094E7FE+4075646]
GetHandleVerifier [0x0094E56C+4074988]
GetHandleVerifier [0x0094B2EB+4062059]
GetHandleVerifier [0x0092ED14+3945876]
GetHandleVerifier [0x0092FBCE+3949646]
GetHandleVerifier [0x0092FB59+3949529]
Ordinal0 [0x0052B5CC+46540]
Ordinal0 [0x00529F53+40787]
Ordinal0 [0x00529B12+39698]
GetHandleVerifier [0x00831468+2907368]
GetHandleVerifier [0x006771EE+1096302]
GetHandleVerifier [0x00633E8D+821005]
GetHandleVerifier [0x0063396B+819691]
GetHandleVerifier [0x00633881+819457]
GetHandleVerifier [0x0065F463+998627]
BaseThreadInitThunk [0x7521FA29+25]
RtlGetAppContainerNamedObjectPath [0x76F27A9E+286]
RtlGetAppContainerNamedObjectPath [0x76F27A6E+238]

at java.base/jdk.internal.reflect.NativeConstructorAccessorImpl.newInstance0(Native Method)
at java.base/jdk.internal.reflect.NativeConstructorAccessorImpl.newInstance(NativeConstructorAccessorImpl.java:62)
at java.base/jdk.internal.reflect.DelegatingConstructorAccessorImpl.newInstance(DelegatingConstructorAccessorImpl.java:45)
at java.base/java.lang.reflect.Constructor.newInstanceWithCaller(Constructor.java:500)
at java.base/java.lang.reflect.Constructor.newInstance(Constructor.java:481)
at org.openqa.selenium.remote.W3CHandshakeResponse.lambda$new$0(W3CHandshakeResponse.java:57)
at org.openqa.selenium.remote.W3CHandshakeResponse.lambda$getResponseFunction$2(W3CHandshakeResponse.java:104)
at org.openqa.selenium.remote.ProtocolHandshake.lambda$createSession$22(ProtocolHandshake.java:365)
at java.base/java.util.stream.ReferencePipeline$3$1.accept(ReferencePipeline.java:195)
at java.base/java.util.Spliterators$ArraySpliterator.tryAdvance(Spliterators.java:958)
at java.base/java.util.stream.ReferencePipeline.forEachWithCancel(ReferencePipeline.java:127)
at java.base/java.util.stream.AbstractPipeline.copyIntoWithCancel(AbstractPipeline.java:502)
at java.base/java.util.stream.AbstractPipeline.copyInto(AbstractPipeline.java:488)
at java.base/java.util.stream.AbstractPipeline.wrapAndCopyInto(AbstractPipeline.java:474)
at java.base/java.util.stream.FindOps$FindOp.evaluateSequential(FindOps.java:150)
at java.base/java.util.stream.AbstractPipeline.evaluate(AbstractPipeline.java:234)
at java.base/java.util.stream.ReferencePipeline.findFirst(ReferencePipeline.java:543)
at org.openqa.selenium.remote.ProtocolHandshake.createSession(ProtocolHandshake.java:368)
at org.openqa.selenium.remote.ProtocolHandshake.createSession(ProtocolHandshake.java:159)
at org.openqa.selenium.remote.HttpCommandExecutor.execute(HttpCommandExecutor.java:142)
at org.openqa.selenium.remote.service.DriverCommandExecutor.execute(DriverCommandExecutor.java:82)
at org.openqa.selenium.remote.RemoteWebDriver.execute(RemoteWebDriver.java:637)
at org.openqa.selenium.remote.RemoteWebDriver.startSession(RemoteWebDriver.java:250)
at org.openqa.selenium.remote.RemoteWebDriver.startSession(RemoteWebDriver.java:236)
at org.openqa.selenium.remote.RemoteWebDriver.<init>(RemoteWebDriver.java:137)
at org.openqa.selenium.chrome.ChromeDriver.<init>(ChromeDriver.java:184)
at org.openqa.selenium.chrome.ChromeDriver.<init>(ChromeDriver.java:171)
at org.openqa.selenium.chrome.ChromeDriver.<init>(ChromeDriver.java:124)
at com.message.DriverSetup.setDriver(DriverSetup.java:19)
at java.base/jdk.internal.reflect.NativeMethodAccessorImpl.invoke0(Native Method)
at java.base/jdk.internal.reflect.NativeMethodAccessorImpl.invoke(NativeMethodAccessorImpl.java:62)
at java.base/jdk.internal.reflect.DelegatingMethodAccessorImpl.invoke(DelegatingMethodAccessorImpl.java:43)
at java.base/java.lang.reflect.Method.invoke(Method.java:564)
at org.testng.internal.MethodInvocationHelper.invokeMethod(MethodInvocationHelper.java:132)
at org.testng.internal.MethodInvocationHelper.invokeMethodConsideringTimeout(MethodInvocationHelper.java:61)
at org.testng.internal.ConfigInvoker.invokeConfigurationMethod(ConfigInvoker.java:366)
at org.testng.internal.ConfigInvoker.invokeConfigurations(ConfigInvoker.java:320)
at org.testng.SuiteRunner.privateRun(SuiteRunner.java:327)
at org.testng.SuiteRunner.run(SuiteRunner.java:286)
at org.testng.SuiteRunnerWorker.runSuite(SuiteRunnerWorker.java:53)
at org.testng.SuiteRunnerWorker.run(SuiteRunnerWorker.java:96)
at org.testng.TestNG.runSuitesSequentially(TestNG.java:1218)
at org.testng.TestNG.runSuitesLocally(TestNG.java:1140)
at org.testng.TestNG.runSuites(TestNG.java:1069)
at org.testng.TestNG.run(TestNG.java:1037)
at org.testng.remote.AbstractRemoteTestNG.run(AbstractRemoteTestNG.java:115)
at org.testng.remote.RemoteTestNG.initAndRun(RemoteTestNG.java:251)
at org.testng.remote.RemoteTestNG.main(RemoteTestNG.java:77)
]]>
            </full-stacktrace>
          </exception> <!-- org.openqa.selenium.SessionNotCreatedException -->
          <reporter-output>
          </reporter-output>
        </test-method> <!-- setDriver -->
        <test-method signature="login()[pri:0, instance:com.message.GmailReplay@8458f04]" started-at="2021-06-18T10:03:58 BDT" name="login" finished-at="2021-06-18T10:03:58 BDT" duration-ms="0" status="SKIP">
          <exception class="org.openqa.selenium.SessionNotCreatedException">
            <message>
              <![CDATA[session not created: This version of ChromeDriver only supports Chrome version 88
Current browser version is 91.0.4472.106 with binary path C:\Program Files\Google\Chrome\Application\chrome.exe
Build info: version: '3.4.0', revision: 'unknown', time: 'unknown'
System info: host: 'DESKTOP-AEI6VM2', ip: '192.168.0.8', os.name: 'Windows 10', os.arch: 'amd64', os.version: '10.0', java.version: '14.0.2'
Driver info: driver.version: ChromeDriver
remote stacktrace: Backtrace:
GetHandleVerifier [0x0056B963+483]
GetHandleVerifier [0x0056B941+449]
GetHandleVerifier [0x00913308+3832712]
GetHandleVerifier [0x0092D69A+3940122]
GetHandleVerifier [0x00929AFB+3924859]
GetHandleVerifier [0x00927D9C+3917340]
GetHandleVerifier [0x0094E7FE+4075646]
GetHandleVerifier [0x0094E56C+4074988]
GetHandleVerifier [0x0094B2EB+4062059]
GetHandleVerifier [0x0092ED14+3945876]
GetHandleVerifier [0x0092FBCE+3949646]
GetHandleVerifier [0x0092FB59+3949529]
Ordinal0 [0x0052B5CC+46540]
Ordinal0 [0x00529F53+40787]
Ordinal0 [0x00529B12+39698]
GetHandleVerifier [0x00831468+2907368]
GetHandleVerifier [0x006771EE+1096302]
GetHandleVerifier [0x00633E8D+821005]
GetHandleVerifier [0x0063396B+819691]
GetHandleVerifier [0x00633881+819457]
GetHandleVerifier [0x0065F463+998627]
BaseThreadInitThunk [0x7521FA29+25]
RtlGetAppContainerNamedObjectPath [0x76F27A9E+286]
RtlGetAppContainerNamedObjectPath [0x76F27A6E+238]
]]>
            </message>
            <full-stacktrace>
              <![CDATA[org.openqa.selenium.SessionNotCreatedException: session not created: This version of ChromeDriver only supports Chrome version 88
Current browser version is 91.0.4472.106 with binary path C:\Program Files\Google\Chrome\Application\chrome.exe
Build info: version: '3.4.0', revision: 'unknown', time: 'unknown'
System info: host: 'DESKTOP-AEI6VM2', ip: '192.168.0.8', os.name: 'Windows 10', os.arch: 'amd64', os.version: '10.0', java.version: '14.0.2'
Driver info: driver.version: ChromeDriver
remote stacktrace: Backtrace:
GetHandleVerifier [0x0056B963+483]
GetHandleVerifier [0x0056B941+449]
GetHandleVerifier [0x00913308+3832712]
GetHandleVerifier [0x0092D69A+3940122]
GetHandleVerifier [0x00929AFB+3924859]
GetHandleVerifier [0x00927D9C+3917340]
GetHandleVerifier [0x0094E7FE+4075646]
GetHandleVerifier [0x0094E56C+4074988]
GetHandleVerifier [0x0094B2EB+4062059]
GetHandleVerifier [0x0092ED14+3945876]
GetHandleVerifier [0x0092FBCE+3949646]
GetHandleVerifier [0x0092FB59+3949529]
Ordinal0 [0x0052B5CC+46540]
Ordinal0 [0x00529F53+40787]
Ordinal0 [0x00529B12+39698]
GetHandleVerifier [0x00831468+2907368]
GetHandleVerifier [0x006771EE+1096302]
GetHandleVerifier [0x00633E8D+821005]
GetHandleVerifier [0x0063396B+819691]
GetHandleVerifier [0x00633881+819457]
GetHandleVerifier [0x0065F463+998627]
BaseThreadInitThunk [0x7521FA29+25]
RtlGetAppContainerNamedObjectPath [0x76F27A9E+286]
RtlGetAppContainerNamedObjectPath [0x76F27A6E+238]

at java.base/jdk.internal.reflect.NativeConstructorAccessorImpl.newInstance0(Native Method)
at java.base/jdk.internal.reflect.NativeConstructorAccessorImpl.newInstance(NativeConstructorAccessorImpl.java:62)
at java.base/jdk.internal.reflect.DelegatingConstructorAccessorImpl.newInstance(DelegatingConstructorAccessorImpl.java:45)
at java.base/java.lang.reflect.Constructor.newInstanceWithCaller(Constructor.java:500)
at java.base/java.lang.reflect.Constructor.newInstance(Constructor.java:481)
at org.openqa.selenium.remote.W3CHandshakeResponse.lambda$new$0(W3CHandshakeResponse.java:57)
at org.openqa.selenium.remote.W3CHandshakeResponse.lambda$getResponseFunction$2(W3CHandshakeResponse.java:104)
at org.openqa.selenium.remote.ProtocolHandshake.lambda$createSession$22(ProtocolHandshake.java:365)
at java.base/java.util.stream.ReferencePipeline$3$1.accept(ReferencePipeline.java:195)
at java.base/java.util.Spliterators$ArraySpliterator.tryAdvance(Spliterators.java:958)
at java.base/java.util.stream.ReferencePipeline.forEachWithCancel(ReferencePipeline.java:127)
at java.base/java.util.stream.AbstractPipeline.copyIntoWithCancel(AbstractPipeline.java:502)
at java.base/java.util.stream.AbstractPipeline.copyInto(AbstractPipeline.java:488)
at java.base/java.util.stream.AbstractPipeline.wrapAndCopyInto(AbstractPipeline.java:474)
at java.base/java.util.stream.FindOps$FindOp.evaluateSequential(FindOps.java:150)
at java.base/java.util.stream.AbstractPipeline.evaluate(AbstractPipeline.java:234)
at java.base/java.util.stream.ReferencePipeline.findFirst(ReferencePipeline.java:543)
at org.openqa.selenium.remote.ProtocolHandshake.createSession(ProtocolHandshake.java:368)
at org.openqa.selenium.remote.ProtocolHandshake.createSession(ProtocolHandshake.java:159)
at org.openqa.selenium.remote.HttpCommandExecutor.execute(HttpCommandExecutor.java:142)
at org.openqa.selenium.remote.service.DriverCommandExecutor.execute(DriverCommandExecutor.java:82)
at org.openqa.selenium.remote.RemoteWebDriver.execute(RemoteWebDriver.java:637)
at org.openqa.selenium.remote.RemoteWebDriver.startSession(RemoteWebDriver.java:250)
at org.openqa.selenium.remote.RemoteWebDriver.startSession(RemoteWebDriver.java:236)
at org.openqa.selenium.remote.RemoteWebDriver.<init>(RemoteWebDriver.java:137)
at org.openqa.selenium.chrome.ChromeDriver.<init>(ChromeDriver.java:184)
at org.openqa.selenium.chrome.ChromeDriver.<init>(ChromeDriver.java:171)
at org.openqa.selenium.chrome.ChromeDriver.<init>(ChromeDriver.java:124)
at com.message.DriverSetup.setDriver(DriverSetup.java:19)
at java.base/jdk.internal.reflect.NativeMethodAccessorImpl.invoke0(Native Method)
at java.base/jdk.internal.reflect.NativeMethodAccessorImpl.invoke(NativeMethodAccessorImpl.java:62)
at java.base/jdk.internal.reflect.DelegatingMethodAccessorImpl.invoke(DelegatingMethodAccessorImpl.java:43)
at java.base/java.lang.reflect.Method.invoke(Method.java:564)
at org.testng.internal.MethodInvocationHelper.invokeMethod(MethodInvocationHelper.java:132)
at org.testng.internal.MethodInvocationHelper.invokeMethodConsideringTimeout(MethodInvocationHelper.java:61)
at org.testng.internal.ConfigInvoker.invokeConfigurationMethod(ConfigInvoker.java:366)
at org.testng.internal.ConfigInvoker.invokeConfigurations(ConfigInvoker.java:320)
at org.testng.SuiteRunner.privateRun(SuiteRunner.java:327)
at org.testng.SuiteRunner.run(SuiteRunner.java:286)
at org.testng.SuiteRunnerWorker.runSuite(SuiteRunnerWorker.java:53)
at org.testng.SuiteRunnerWorker.run(SuiteRunnerWorker.java:96)
at org.testng.TestNG.runSuitesSequentially(TestNG.java:1218)
at org.testng.TestNG.runSuitesLocally(TestNG.java:1140)
at org.testng.TestNG.runSuites(TestNG.java:1069)
at org.testng.TestNG.run(TestNG.java:1037)
at org.testng.remote.AbstractRemoteTestNG.run(AbstractRemoteTestNG.java:115)
at org.testng.remote.RemoteTestNG.initAndRun(RemoteTestNG.java:251)
at org.testng.remote.RemoteTestNG.main(RemoteTestNG.java:77)
]]>
            </full-stacktrace>
          </exception> <!-- org.openqa.selenium.SessionNotCreatedException -->
          <reporter-output>
          </reporter-output>
        </test-method> <!-- login -->
        <test-method is-config="true" signature="close()[pri:0, instance:com.message.GmailReplay@8458f04]" started-at="2021-06-18T10:03:58 BDT" name="close" finished-at="1970-01-01T06:00:00 BDT" duration-ms="-1623989038572" status="SKIP">
          <reporter-output>
          </reporter-output>
        </test-method> <!-- close -->
      </class> <!-- com.message.GmailReplay -->
    </test> <!-- Default test -->
  </suite> <!-- Default suite -->
</testng-results>
